2025-05-01 20:42:28 - INFO - ******************************* Program started ********************************
2025-05-01 20:42:28 - INFO - Starting audit report generation
2025-05-01 20:42:28 - INFO - Audit report generation completed, file: data/audit_data_3.csv
2025-05-01 20:42:28 - INFO - -------------------------------- Program ended ---------------------------------

2025-05-01 20:46:07 - INFO - ******************************* Program started ********************************
2025-05-01 20:46:07 - INFO - Starting audit report generation
2025-05-01 20:46:07 - INFO - Audit report generation completed, file: data/audit_data_3.csv
2025-05-01 20:46:07 - INFO - -------------------------------- Program ended ---------------------------------

2025-05-01 20:51:28 - INFO - ******************************* Program started ********************************
2025-05-01 20:51:34 - INFO - ******************************* Program started ********************************
2025-05-01 20:51:56 - INFO - ******************************* Program started ********************************
2025-05-01 20:51:56 - INFO - Today's (2025-05-01) balance updated to 1_052_261.00
2025-05-01 20:51:56 - INFO - Difference from projected: 5_451.00 (0.52%)
2025-05-01 20:51:56 - INFO - -------------------------------- Program ended ---------------------------------

2025-05-01 21:34:25 - INFO - ******************************* Program started ********************************
2025-05-01 21:34:25 - INFO - Starting audit report generation
2025-05-01 21:34:25 - INFO - Audit report generation completed, file: data/audit_data_3.csv
2025-05-01 21:34:25 - INFO - -------------------------------- Program ended ---------------------------------

2025-05-01 23:31:52 - INFO - ******************************* Program started ********************************
2025-05-01 23:32:46 - INFO - Today's (2025-05-01) balance updated to 1_050_154.00
2025-05-01 23:32:46 - INFO - Difference from projected: 3_344.00 (0.32%)
2025-05-01 23:32:46 - INFO - -------------------------------- Program ended ---------------------------------

2025-05-01 23:34:45 - INFO - ******************************* Program started ********************************
2025-05-01 23:34:53 - INFO - Today's (2025-05-01) balance updated to 1_050_154.00
2025-05-01 23:34:53 - INFO - Difference from projected: 3_344.00 (0.32%)
2025-05-01 23:34:53 - INFO - -------------------------------- Program ended ---------------------------------

2025-05-02 23:52:17 - INFO - ******************************* Program started ********************************
2025-05-02 23:52:19 - INFO - Today's (2025-05-02) balance updated to 1_054_185.00
2025-05-02 23:52:19 - INFO - Difference from projected: 3_920.53 (0.37%)
2025-05-02 23:52:19 - INFO - -------------------------------- Program ended ---------------------------------

